Configuring language-fortran-0.3...
Preprocessing library for language-fortran-0.3..
unused rules: 12
unused terminals: 8
shift/reduce conflicts:  61
reduce/reduce conflicts: 2
Building library for language-fortran-0.3..

src/Language/Fortran/Pretty.hs:15:14: warning:
    -XOverlappingInstances is deprecated: instead use per-instance pragmas OVERLAPPING/OVERLAPPABLE/OVERLAPS
   |
15 | {-# LANGUAGE OverlappingInstances #-}
   |              ^^^^^^^^^^^^^^^^^^^^
[1 of 5] Compiling Language.Fortran ( src/Language/Fortran.hs, .stack-work/dist/x86_64-linux/Cabal-2.2.0.1/build/Language/Fortran.o )

src/Language/Fortran.hs:333:26: warning: [-Wunused-matches]
    Defined but not used: ‘x’
    |
333 |     srcSpan (Equivalence x sp _)          = sp
    |                          ^

src/Language/Fortran.hs:334:29: warning: [-Wunused-matches]
    Defined but not used: ‘x’
    |
334 |     srcSpan (DerivedTypeDef x sp _ _ _ _) = sp
    |                             ^

src/Language/Fortran.hs:335:29: warning: [-Wunused-matches]
    Defined but not used: ‘x’
    |
335 |     srcSpan (MeasureUnitDef x sp _)       = sp
    |                             ^

src/Language/Fortran.hs:339:5: warning: [-Wincomplete-patterns]
    Pattern match(es) are non-exhaustive
    In an equation for ‘srcSpan’:
        Patterns not matched: (IncludeProg _ _ _ _)
    |
339 |     srcSpan (Main x sp _ _ _ _)       = sp
    |     ^^^^^^^^^^^^^^^^^^^^^^^^^^^^^^^^^^^^^^...

src/Language/Fortran.hs:339:19: warning: [-Wunused-matches]
    Defined but not used: ‘x’
    |
339 |     srcSpan (Main x sp _ _ _ _)       = sp
    |                   ^

src/Language/Fortran.hs:340:18: warning: [-Wunused-matches]
    Defined but not used: ‘x’
    |
340 |     srcSpan (Sub x sp _ _ _ _)        = sp
    |                  ^

src/Language/Fortran.hs:341:23: warning: [-Wunused-matches]
    Defined but not used: ‘x’
    |
341 |     srcSpan (Function x sp _ _ _ _ _) = sp
    |                       ^

src/Language/Fortran.hs:342:21: warning: [-Wunused-matches]
    Defined but not used: ‘x’
    |
342 |     srcSpan (Module x sp _ _ _ _ _ )  = sp
    |                     ^

src/Language/Fortran.hs:343:24: warning: [-Wunused-matches]
    Defined but not used: ‘x’
    |
343 |     srcSpan (BlockData x sp _ _ _ _)  = sp
    |                        ^

src/Language/Fortran.hs:344:19: warning: [-Wunused-matches]
    Defined but not used: ‘x’
    |
344 |     srcSpan (PSeq x sp _ _)           = sp
    |                   ^

src/Language/Fortran.hs:345:19: warning: [-Wunused-matches]
    Defined but not used: ‘x’
    |
345 |     srcSpan (Prog x sp _)             = sp
    |                   ^

src/Language/Fortran.hs:346:23: warning: [-Wunused-matches]
    Defined but not used: ‘x’
    |
346 |     srcSpan (NullProg x sp)           = sp
    |                       ^

src/Language/Fortran.hs:349:5: warning: [-Wincomplete-patterns]
    Pattern match(es) are non-exhaustive
    In an equation for ‘srcSpan’: Patterns not matched: (ConL _ _ _ _)
    |
349 |     srcSpan (Con x sp _)        = sp
    |     ^^^^^^^^^^^^^^^^^^^^^^^^^^^^^^^^...

src/Language/Fortran.hs:349:18: warning: [-Wunused-matches]
    Defined but not used: ‘x’
    |
349 |     srcSpan (Con x sp _)        = sp
    |                  ^

src/Language/Fortran.hs:350:19: warning: [-Wunused-matches]
    Defined but not used: ‘x’
    |
350 |     srcSpan (ConS x sp _)       = sp
    |                   ^

src/Language/Fortran.hs:351:18: warning: [-Wunused-matches]
    Defined but not used: ‘x’
    |
351 |     srcSpan (Var x sp _ )       = sp
    |                  ^

src/Language/Fortran.hs:352:18: warning: [-Wunused-matches]
    Defined but not used: ‘x’
    |
352 |     srcSpan (Bin x sp _ _ _)    = sp
    |                  ^

src/Language/Fortran.hs:353:20: warning: [-Wunused-matches]
    Defined but not used: ‘x’
    |
353 |     srcSpan (Unary x sp _ _)    = sp
    |                    ^

src/Language/Fortran.hs:354:23: warning: [-Wunused-matches]
    Defined but not used: ‘x’
    |
354 |     srcSpan (CallExpr x sp _ _) = sp
    |                       ^

src/Language/Fortran.hs:355:23: warning: [-Wunused-matches]
    Defined but not used: ‘x’
    |
355 |     srcSpan (NullExpr x sp)     = sp
    |                       ^

src/Language/Fortran.hs:356:19: warning: [-Wunused-matches]
    Defined but not used: ‘x’
    |
356 |     srcSpan (Null x sp)         = sp
    |                   ^

src/Language/Fortran.hs:357:19: warning: [-Wunused-matches]
    Defined but not used: ‘x’
    |
357 |     srcSpan (ESeq x sp _ _)     = sp
    |                   ^

src/Language/Fortran.hs:358:20: warning: [-Wunused-matches]
    Defined but not used: ‘x’
    |
358 |     srcSpan (Bound x sp _ _)    = sp
    |                    ^

src/Language/Fortran.hs:359:19: warning: [-Wunused-matches]
    Defined but not used: ‘x’
    |
359 |     srcSpan (Sqrt x sp _)       = sp
    |                   ^

src/Language/Fortran.hs:360:23: warning: [-Wunused-matches]
    Defined but not used: ‘x’
    |
360 |     srcSpan (ArrayCon x sp _)   = sp
    |                       ^

src/Language/Fortran.hs:361:23: warning: [-Wunused-matches]
    Defined but not used: ‘x’
    |
361 |     srcSpan (AssgExpr x sp _ _) = sp
    |                       ^

src/Language/Fortran.hs:364:5: warning: [-Wincomplete-patterns]
    Pattern match(es) are non-exhaustive
    In an equation for ‘srcSpan’:
        Patterns not matched: (OpenCLSeq _ _ _ _ _)
    |
364 |     srcSpan (Assg x sp e1 e2)        = sp
    |     ^^^^^^^^^^^^^^^^^^^^^^^^^^^^^^^^^^^^^...

src/Language/Fortran.hs:364:19: warning: [-Wunused-matches]
    Defined but not used: ‘x’
    |
364 |     srcSpan (Assg x sp e1 e2)        = sp
    |                   ^

src/Language/Fortran.hs:364:24: warning: [-Wunused-matches]
    Defined but not used: ‘e1’
    |
364 |     srcSpan (Assg x sp e1 e2)        = sp
    |                        ^^

src/Language/Fortran.hs:364:27: warning: [-Wunused-matches]
    Defined but not used: ‘e2’
    |
364 |     srcSpan (Assg x sp e1 e2)        = sp
    |                           ^^

src/Language/Fortran.hs:365:18: warning: [-Wunused-matches]
    Defined but not used: ‘x’
    |
365 |     srcSpan (For x sp v e1 e2 e3 fs) = sp
    |                  ^

src/Language/Fortran.hs:365:23: warning: [-Wunused-matches]
    Defined but not used: ‘v’
    |
365 |     srcSpan (For x sp v e1 e2 e3 fs) = sp
    |                       ^

src/Language/Fortran.hs:365:25: warning: [-Wunused-matches]
    Defined but not used: ‘e1’
    |
365 |     srcSpan (For x sp v e1 e2 e3 fs) = sp
    |                         ^^

src/Language/Fortran.hs:365:28: warning: [-Wunused-matches]
    Defined but not used: ‘e2’
    |
365 |     srcSpan (For x sp v e1 e2 e3 fs) = sp
    |                            ^^

src/Language/Fortran.hs:365:31: warning: [-Wunused-matches]
    Defined but not used: ‘e3’
    |
365 |     srcSpan (For x sp v e1 e2 e3 fs) = sp
    |                               ^^

src/Language/Fortran.hs:365:34: warning: [-Wunused-matches]
    Defined but not used: ‘fs’
    |
365 |     srcSpan (For x sp v e1 e2 e3 fs) = sp
    |                                  ^^

src/Language/Fortran.hs:366:22: warning: [-Wunused-matches]
    Defined but not used: ‘x’
    |
366 |     srcSpan (DoWhile x sp e fs)      = sp
    |                      ^

src/Language/Fortran.hs:366:27: warning: [-Wunused-matches]
    Defined but not used: ‘e’
    |
366 |     srcSpan (DoWhile x sp e fs)      = sp
    |                           ^

src/Language/Fortran.hs:366:29: warning: [-Wunused-matches]
    Defined but not used: ‘fs’
    |
366 |     srcSpan (DoWhile x sp e fs)      = sp
    |                             ^^

src/Language/Fortran.hs:367:19: warning: [-Wunused-matches]
    Defined but not used: ‘x’
    |
367 |     srcSpan (FSeq x sp f1 f2)        = sp
    |                   ^

src/Language/Fortran.hs:367:24: warning: [-Wunused-matches]
    Defined but not used: ‘f1’
    |
367 |     srcSpan (FSeq x sp f1 f2)        = sp
    |                        ^^

src/Language/Fortran.hs:367:27: warning: [-Wunused-matches]
    Defined but not used: ‘f2’
    |
367 |     srcSpan (FSeq x sp f1 f2)        = sp
    |                           ^^

src/Language/Fortran.hs:368:17: warning: [-Wunused-matches]
    Defined but not used: ‘x’
    |
368 |     srcSpan (If x sp e f1 fes f3)    = sp
    |                 ^

src/Language/Fortran.hs:368:22: warning: [-Wunused-matches]
    Defined but not used: ‘e’
    |
368 |     srcSpan (If x sp e f1 fes f3)    = sp
    |                      ^

src/Language/Fortran.hs:368:24: warning: [-Wunused-matches]
    Defined but not used: ‘f1’
    |
368 |     srcSpan (If x sp e f1 fes f3)    = sp
    |                        ^^

src/Language/Fortran.hs:368:27: warning: [-Wunused-matches]
    Defined but not used: ‘fes’
    |
368 |     srcSpan (If x sp e f1 fes f3)    = sp
    |                           ^^^

src/Language/Fortran.hs:368:31: warning: [-Wunused-matches]
    Defined but not used: ‘f3’
    |
368 |     srcSpan (If x sp e f1 fes f3)    = sp
    |                               ^^

src/Language/Fortran.hs:369:23: warning: [-Wunused-matches]
    Defined but not used: ‘x’
    |
369 |     srcSpan (Allocate x sp e1 e2)    = sp
    |                       ^

src/Language/Fortran.hs:369:28: warning: [-Wunused-matches]
    Defined but not used: ‘e1’
    |
369 |     srcSpan (Allocate x sp e1 e2)    = sp
    |                            ^^

src/Language/Fortran.hs:369:31: warning: [-Wunused-matches]
    Defined but not used: ‘e2’
    |
369 |     srcSpan (Allocate x sp e1 e2)    = sp
    |                               ^^

src/Language/Fortran.hs:370:24: warning: [-Wunused-matches]
    Defined but not used: ‘x’
    |
370 |     srcSpan (Backspace x sp _)       = sp
    |                        ^

src/Language/Fortran.hs:371:19: warning: [-Wunused-matches]
    Defined but not used: ‘x’
    |
371 |     srcSpan (Call x sp e as)         = sp
    |                   ^

src/Language/Fortran.hs:371:24: warning: [-Wunused-matches]
    Defined but not used: ‘e’
    |
371 |     srcSpan (Call x sp e as)         = sp
    |                        ^

src/Language/Fortran.hs:371:26: warning: [-Wunused-matches]
    Defined but not used: ‘as’
    |
371 |     srcSpan (Call x sp e as)         = sp
    |                          ^^

src/Language/Fortran.hs:372:19: warning: [-Wunused-matches]
    Defined but not used: ‘x’
    |
372 |     srcSpan (Open x sp s)            = sp
    |                   ^

src/Language/Fortran.hs:372:24: warning: [-Wunused-matches]
    Defined but not used: ‘s’
    |
372 |     srcSpan (Open x sp s)            = sp
    |                        ^

src/Language/Fortran.hs:373:20: warning: [-Wunused-matches]
    Defined but not used: ‘x’
    |
373 |     srcSpan (Close x sp s)           = sp 
    |                    ^

src/Language/Fortran.hs:373:25: warning: [-Wunused-matches]
    Defined but not used: ‘s’
    |
373 |     srcSpan (Close x sp s)           = sp 
    |                         ^

src/Language/Fortran.hs:374:23: warning: [-Wunused-matches]
    Defined but not used: ‘x’
    |
374 |     srcSpan (Continue x sp)          = sp
    |                       ^

src/Language/Fortran.hs:375:20: warning: [-Wunused-matches]
    Defined but not used: ‘x’
    |
375 |     srcSpan (Cycle x sp s)           = sp
    |                    ^

src/Language/Fortran.hs:375:25: warning: [-Wunused-matches]
    Defined but not used: ‘s’
    |
375 |     srcSpan (Cycle x sp s)           = sp
    |                         ^

src/Language/Fortran.hs:376:23: warning: [-Wunused-matches]
    Defined but not used: ‘x’
    |
376 |     srcSpan (DataStmt x sp _)        = sp
    |                       ^

src/Language/Fortran.hs:377:25: warning: [-Wunused-matches]
    Defined but not used: ‘x’
    |
377 |     srcSpan (Deallocate x sp es e)   = sp
    |                         ^

src/Language/Fortran.hs:377:30: warning: [-Wunused-matches]
    Defined but not used: ‘es’
    |
377 |     srcSpan (Deallocate x sp es e)   = sp
    |                              ^^

src/Language/Fortran.hs:377:33: warning: [-Wunused-matches]
    Defined but not used: ‘e’
    |
377 |     srcSpan (Deallocate x sp es e)   = sp
    |                                 ^

src/Language/Fortran.hs:378:22: warning: [-Wunused-matches]
    Defined but not used: ‘x’
    |
378 |     srcSpan (Endfile x sp s)         = sp
    |                      ^

src/Language/Fortran.hs:378:27: warning: [-Wunused-matches]
    Defined but not used: ‘s’
    |
378 |     srcSpan (Endfile x sp s)         = sp
    |                           ^

src/Language/Fortran.hs:379:19: warning: [-Wunused-matches]
    Defined but not used: ‘x’
    |
379 |     srcSpan (Exit x sp s)            = sp
    |                   ^

src/Language/Fortran.hs:379:24: warning: [-Wunused-matches]
    Defined but not used: ‘s’
    |
379 |     srcSpan (Exit x sp s)            = sp
    |                        ^

src/Language/Fortran.hs:380:21: warning: [-Wunused-matches]
    Defined but not used: ‘x’
    |
380 |     srcSpan (Format x sp _)          = sp
    |                     ^

src/Language/Fortran.hs:381:21: warning: [-Wunused-matches]
    Defined but not used: ‘x’
    |
381 |     srcSpan (Forall x sp es f)       = sp
    |                     ^

src/Language/Fortran.hs:381:26: warning: [-Wunused-matches]
    Defined but not used: ‘es’
    |
381 |     srcSpan (Forall x sp es f)       = sp
    |                          ^^

src/Language/Fortran.hs:381:29: warning: [-Wunused-matches]
    Defined but not used: ‘f’
    |
381 |     srcSpan (Forall x sp es f)       = sp
    |                             ^

src/Language/Fortran.hs:382:19: warning: [-Wunused-matches]
    Defined but not used: ‘x’
    |
382 |     srcSpan (Goto x sp s)            = sp
    |                   ^

src/Language/Fortran.hs:382:24: warning: [-Wunused-matches]
    Defined but not used: ‘s’
    |
382 |     srcSpan (Goto x sp s)            = sp
    |                        ^

src/Language/Fortran.hs:383:22: warning: [-Wunused-matches]
    Defined but not used: ‘x’
    |
383 |     srcSpan (Nullify x sp e)         = sp
    |                      ^

src/Language/Fortran.hs:383:27: warning: [-Wunused-matches]
    Defined but not used: ‘e’
    |
383 |     srcSpan (Nullify x sp e)         = sp
    |                           ^

src/Language/Fortran.hs:384:22: warning: [-Wunused-matches]
    Defined but not used: ‘x’
    |
384 |     srcSpan (Inquire x sp s e)       = sp
    |                      ^

src/Language/Fortran.hs:384:27: warning: [-Wunused-matches]
    Defined but not used: ‘s’
    |
384 |     srcSpan (Inquire x sp s e)       = sp
    |                           ^

src/Language/Fortran.hs:384:29: warning: [-Wunused-matches]
    Defined but not used: ‘e’
    |
384 |     srcSpan (Inquire x sp s e)       = sp
    |                             ^

src/Language/Fortran.hs:385:20: warning: [-Wunused-matches]
    Defined but not used: ‘x’
    |
385 |     srcSpan (Pause x sp _)           = sp
    |                    ^

src/Language/Fortran.hs:386:21: warning: [-Wunused-matches]
    Defined but not used: ‘x’
    |
386 |     srcSpan (Rewind x sp s)          = sp 
    |                     ^

src/Language/Fortran.hs:386:26: warning: [-Wunused-matches]
    Defined but not used: ‘s’
    |
386 |     srcSpan (Rewind x sp s)          = sp 
    |                          ^

src/Language/Fortran.hs:387:19: warning: [-Wunused-matches]
    Defined but not used: ‘x’
    |
387 |     srcSpan (Stop x sp e)            = sp
    |                   ^

src/Language/Fortran.hs:387:24: warning: [-Wunused-matches]
    Defined but not used: ‘e’
    |
387 |     srcSpan (Stop x sp e)            = sp
    |                        ^

src/Language/Fortran.hs:388:20: warning: [-Wunused-matches]
    Defined but not used: ‘x’
    |
388 |     srcSpan (Where x sp e f _)       = sp 
    |                    ^

src/Language/Fortran.hs:388:25: warning: [-Wunused-matches]
    Defined but not used: ‘e’
    |
388 |     srcSpan (Where x sp e f _)       = sp 
    |                         ^

src/Language/Fortran.hs:388:27: warning: [-Wunused-matches]
    Defined but not used: ‘f’
    |
388 |     srcSpan (Where x sp e f _)       = sp 
    |                           ^

src/Language/Fortran.hs:389:20: warning: [-Wunused-matches]
    Defined but not used: ‘x’
    |
389 |     srcSpan (Write x sp s e)         = sp
    |                    ^

src/Language/Fortran.hs:389:25: warning: [-Wunused-matches]
    Defined but not used: ‘s’
    |
389 |     srcSpan (Write x sp s e)         = sp
    |                         ^

src/Language/Fortran.hs:389:27: warning: [-Wunused-matches]
    Defined but not used: ‘e’
    |
389 |     srcSpan (Write x sp s e)         = sp
    |                           ^

src/Language/Fortran.hs:390:26: warning: [-Wunused-matches]
    Defined but not used: ‘x’
    |
390 |     srcSpan (PointerAssg x sp e1 e2) = sp
    |                          ^

src/Language/Fortran.hs:390:31: warning: [-Wunused-matches]
    Defined but not used: ‘e1’
    |
390 |     srcSpan (PointerAssg x sp e1 e2) = sp
    |                               ^^

src/Language/Fortran.hs:390:34: warning: [-Wunused-matches]
    Defined but not used: ‘e2’
    |
390 |     srcSpan (PointerAssg x sp e1 e2) = sp
    |                                  ^^

src/Language/Fortran.hs:391:21: warning: [-Wunused-matches]
    Defined but not used: ‘x’
    |
391 |     srcSpan (Return x sp e)          = sp
    |                     ^

src/Language/Fortran.hs:391:26: warning: [-Wunused-matches]
    Defined but not used: ‘e’
    |
391 |     srcSpan (Return x sp e)          = sp
    |                          ^

src/Language/Fortran.hs:392:20: warning: [-Wunused-matches]
    Defined but not used: ‘x’
    |
392 |     srcSpan (Label x sp s f)         = sp
    |                    ^

src/Language/Fortran.hs:392:25: warning: [-Wunused-matches]
    Defined but not used: ‘s’
    |
392 |     srcSpan (Label x sp s f)         = sp
    |                         ^

src/Language/Fortran.hs:392:27: warning: [-Wunused-matches]
    Defined but not used: ‘f’
    |
392 |     srcSpan (Label x sp s f)         = sp
    |                           ^

src/Language/Fortran.hs:393:20: warning: [-Wunused-matches]
    Defined but not used: ‘x’
    |
393 |     srcSpan (Print x sp e es)        = sp
    |                    ^

src/Language/Fortran.hs:393:25: warning: [-Wunused-matches]
    Defined but not used: ‘e’
    |
393 |     srcSpan (Print x sp e es)        = sp
    |                         ^

src/Language/Fortran.hs:393:27: warning: [-Wunused-matches]
    Defined but not used: ‘es’
    |
393 |     srcSpan (Print x sp e es)        = sp
    |                           ^^

src/Language/Fortran.hs:394:20: warning: [-Wunused-matches]
    Defined but not used: ‘x’
    |
394 |     srcSpan (ReadS x sp s e)         = sp
    |                    ^

src/Language/Fortran.hs:394:25: warning: [-Wunused-matches]
    Defined but not used: ‘s’
    |
394 |     srcSpan (ReadS x sp s e)         = sp
    |                         ^

src/Language/Fortran.hs:394:27: warning: [-Wunused-matches]
    Defined but not used: ‘e’
    |
394 |     srcSpan (ReadS x sp s e)         = sp
    |                           ^

src/Language/Fortran.hs:395:23: warning: [-Wunused-matches]
    Defined but not used: ‘x’
    |
395 |     srcSpan (TextStmt x sp s)        = sp
    |                       ^

src/Language/Fortran.hs:395:28: warning: [-Wunused-matches]
    Defined but not used: ‘s’
    |
395 |     srcSpan (TextStmt x sp s)        = sp
    |                            ^

src/Language/Fortran.hs:396:23: warning: [-Wunused-matches]
    Defined but not used: ‘x’
    |
396 |     srcSpan (NullStmt x sp)          = sp
    |                       ^

src/Language/Fortran.hs:397:25: warning: [-Wunused-matches]
    Defined but not used: ‘x’
    |
397 |     srcSpan (SelectStmt x sp e fes _)         = sp        -- GAV ADDED
    |                         ^

src/Language/Fortran.hs:397:30: warning: [-Wunused-matches]
    Defined but not used: ‘e’
    |
397 |     srcSpan (SelectStmt x sp e fes _)         = sp        -- GAV ADDED
    |                              ^

src/Language/Fortran.hs:397:32: warning: [-Wunused-matches]
    Defined but not used: ‘fes’
    |
397 |     srcSpan (SelectStmt x sp e fes _)         = sp        -- GAV ADDED
    |                                ^^^

src/Language/Fortran.hs:398:24: warning: [-Wunused-matches]
    Defined but not used: ‘x’
    |
398 |     srcSpan (OpenCLMap x sp e1 e2 _ _ f2)       = sp        -- GAV ADDED -- WV20170426 extra arg
    |                        ^

src/Language/Fortran.hs:398:29: warning: [-Wunused-matches]
    Defined but not used: ‘e1’
    |
398 |     srcSpan (OpenCLMap x sp e1 e2 _ _ f2)       = sp        -- GAV ADDED -- WV20170426 extra arg
    |                             ^^

src/Language/Fortran.hs:398:32: warning: [-Wunused-matches]
    Defined but not used: ‘e2’
    |
398 |     srcSpan (OpenCLMap x sp e1 e2 _ _ f2)       = sp        -- GAV ADDED -- WV20170426 extra arg
    |                                ^^

src/Language/Fortran.hs:398:39: warning: [-Wunused-matches]
    Defined but not used: ‘f2’
    |
398 |     srcSpan (OpenCLMap x sp e1 e2 _ _ f2)       = sp        -- GAV ADDED -- WV20170426 extra arg
    |                                       ^^

src/Language/Fortran.hs:399:27: warning: [-Wunused-matches]
    Defined but not used: ‘x’
    |
399 |     srcSpan (OpenCLReduce x sp e1 e2 _ _ e3 f2) = sp        -- GAV ADDED -- WV20170426 extra arg
    |                           ^

src/Language/Fortran.hs:399:32: warning: [-Wunused-matches]
    Defined but not used: ‘e1’
    |
399 |     srcSpan (OpenCLReduce x sp e1 e2 _ _ e3 f2) = sp        -- GAV ADDED -- WV20170426 extra arg
    |                                ^^

src/Language/Fortran.hs:399:35: warning: [-Wunused-matches]
    Defined but not used: ‘e2’
    |
399 |     srcSpan (OpenCLReduce x sp e1 e2 _ _ e3 f2) = sp        -- GAV ADDED -- WV20170426 extra arg
    |                                   ^^

src/Language/Fortran.hs:399:42: warning: [-Wunused-matches]
    Defined but not used: ‘e3’
    |
399 |     srcSpan (OpenCLReduce x sp e1 e2 _ _ e3 f2) = sp        -- GAV ADDED -- WV20170426 extra arg
    |                                          ^^

src/Language/Fortran.hs:399:45: warning: [-Wunused-matches]
    Defined but not used: ‘f2’
    |
399 |     srcSpan (OpenCLReduce x sp e1 e2 _ _ e3 f2) = sp        -- GAV ADDED -- WV20170426 extra arg
    |                                             ^^

src/Language/Fortran.hs:409:5: warning: [-Wincomplete-patterns]
    Pattern match(es) are non-exhaustive
    In an equation for ‘tag’: Patterns not matched: (MeasureUnit _ _)
    |
409 |     tag (Parameter x)   = x
    |     ^^^^^^^^^^^^^^^^^^^^^^^...

src/Language/Fortran.hs:463:5: warning: [-Wincomplete-patterns]
    Pattern match(es) are non-exhaustive
    In an equation for ‘tag’:
        Patterns not matched: (IncludeProg _ _ _ _)
    |
463 |     tag (Main x sp _ _ _ _)      = x
    |     ^^^^^^^^^^^^^^^^^^^^^^^^^^^^^^^^...

src/Language/Fortran.hs:463:17: warning: [-Wunused-matches]
    Defined but not used: ‘sp’
    |
463 |     tag (Main x sp _ _ _ _)      = x
    |                 ^^

src/Language/Fortran.hs:464:16: warning: [-Wunused-matches]
    Defined but not used: ‘sp’
    |
464 |     tag (Sub x sp _ _ _ _)       = x
    |                ^^

src/Language/Fortran.hs:465:21: warning: [-Wunused-matches]
    Defined but not used: ‘sp’
    |
465 |     tag (Function x sp _ _ _ _ _)= x
    |                     ^^

src/Language/Fortran.hs:466:19: warning: [-Wunused-matches]
    Defined but not used: ‘sp’
    |
466 |     tag (Module x sp _ _ _ _ _ ) = x
    |                   ^^

src/Language/Fortran.hs:467:22: warning: [-Wunused-matches]
    Defined but not used: ‘sp’
    |
467 |     tag (BlockData x sp _ _ _ _) = x
    |                      ^^

src/Language/Fortran.hs:468:17: warning: [-Wunused-matches]
    Defined but not used: ‘sp’
    |
468 |     tag (PSeq x sp _ _)          = x
    |                 ^^

src/Language/Fortran.hs:469:17: warning: [-Wunused-matches]
    Defined but not used: ‘sp’
    |
469 |     tag (Prog x sp _)            = x
    |                 ^^

src/Language/Fortran.hs:470:21: warning: [-Wunused-matches]
    Defined but not used: ‘sp’
    |
470 |     tag (NullProg x sp)          = x
    |                     ^^

src/Language/Fortran.hs:476:24: warning: [-Wunused-matches]
    Defined but not used: ‘sp’
    |
476 |     tag (Equivalence x sp _)    = x
    |                        ^^

src/Language/Fortran.hs:482:27: warning: [-Wunused-matches]
    Defined but not used: ‘sp’
    |
482 |     tag (DerivedTypeDef x sp _ _ _ _) = x
    |                           ^^

src/Language/Fortran.hs:493:5: warning: [-Wincomplete-patterns]
    Pattern match(es) are non-exhaustive
    In an equation for ‘tag’:
        Patterns not matched:
            (OpenCLSeq _ _ _ _ _)
            (OpenCLBufferWrite _ _ _)
    |
493 |     tag (Assg x s e1 e2)        = x
    |     ^^^^^^^^^^^^^^^^^^^^^^^^^^^^^^^...

src/Language/Fortran.hs:493:17: warning: [-Wunused-matches]
    Defined but not used: ‘s’
    |
493 |     tag (Assg x s e1 e2)        = x
    |                 ^

src/Language/Fortran.hs:493:19: warning: [-Wunused-matches]
    Defined but not used: ‘e1’
    |
493 |     tag (Assg x s e1 e2)        = x
    |                   ^^

src/Language/Fortran.hs:493:22: warning: [-Wunused-matches]
    Defined but not used: ‘e2’
    |
493 |     tag (Assg x s e1 e2)        = x
    |                      ^^

src/Language/Fortran.hs:494:16: warning: [-Wunused-matches]
    Defined but not used: ‘s’
    |
494 |     tag (For x s v e1 e2 e3 fs) = x
    |                ^

src/Language/Fortran.hs:494:18: warning: [-Wunused-matches]
    Defined but not used: ‘v’
    |
494 |     tag (For x s v e1 e2 e3 fs) = x
    |                  ^

src/Language/Fortran.hs:494:20: warning: [-Wunused-matches]
    Defined but not used: ‘e1’
    |
494 |     tag (For x s v e1 e2 e3 fs) = x
    |                    ^^

src/Language/Fortran.hs:494:23: warning: [-Wunused-matches]
    Defined but not used: ‘e2’
    |
494 |     tag (For x s v e1 e2 e3 fs) = x
    |                       ^^

src/Language/Fortran.hs:494:26: warning: [-Wunused-matches]
    Defined but not used: ‘e3’
    |
494 |     tag (For x s v e1 e2 e3 fs) = x
    |                          ^^

src/Language/Fortran.hs:494:29: warning: [-Wunused-matches]
    Defined but not used: ‘fs’
    |
494 |     tag (For x s v e1 e2 e3 fs) = x
    |                             ^^

src/Language/Fortran.hs:495:20: warning: [-Wunused-matches]
    Defined but not used: ‘sp’
    |
495 |     tag (DoWhile x sp e fs)        = x
    |                    ^^

src/Language/Fortran.hs:495:23: warning: [-Wunused-matches]
    Defined but not used: ‘e’
    |
495 |     tag (DoWhile x sp e fs)        = x
    |                       ^

src/Language/Fortran.hs:495:25: warning: [-Wunused-matches]
    Defined but not used: ‘fs’
    |
495 |     tag (DoWhile x sp e fs)        = x
    |                         ^^

src/Language/Fortran.hs:496:17: warning: [-Wunused-matches]
    Defined but not used: ‘sp’
    |
496 |     tag (FSeq x sp f1 f2)       = x
    |                 ^^

src/Language/Fortran.hs:496:20: warning: [-Wunused-matches]
    Defined but not used: ‘f1’
    |
496 |     tag (FSeq x sp f1 f2)       = x
    |                    ^^

src/Language/Fortran.hs:496:23: warning: [-Wunused-matches]
    Defined but not used: ‘f2’
    |
496 |     tag (FSeq x sp f1 f2)       = x
    |                       ^^

src/Language/Fortran.hs:497:15: warning: [-Wunused-matches]
    Defined but not used: ‘sp’
    |
497 |     tag (If x sp e f1 fes f3)   = x
    |               ^^

src/Language/Fortran.hs:497:18: warning: [-Wunused-matches]
    Defined but not used: ‘e’
    |
497 |     tag (If x sp e f1 fes f3)   = x
    |                  ^

src/Language/Fortran.hs:497:20: warning: [-Wunused-matches]
    Defined but not used: ‘f1’
    |
497 |     tag (If x sp e f1 fes f3)   = x
    |                    ^^

src/Language/Fortran.hs:497:23: warning: [-Wunused-matches]
    Defined but not used: ‘fes’
    |
497 |     tag (If x sp e f1 fes f3)   = x
    |                       ^^^

src/Language/Fortran.hs:497:27: warning: [-Wunused-matches]
    Defined but not used: ‘f3’
    |
497 |     tag (If x sp e f1 fes f3)   = x
    |                           ^^

src/Language/Fortran.hs:498:21: warning: [-Wunused-matches]
    Defined but not used: ‘sp’
    |
498 |     tag (Allocate x sp e1 e2)   = x
    |                     ^^

src/Language/Fortran.hs:498:24: warning: [-Wunused-matches]
    Defined but not used: ‘e1’
    |
498 |     tag (Allocate x sp e1 e2)   = x
    |                        ^^

src/Language/Fortran.hs:498:27: warning: [-Wunused-matches]
    Defined but not used: ‘e2’
    |
498 |     tag (Allocate x sp e1 e2)   = x
    |                           ^^

src/Language/Fortran.hs:499:22: warning: [-Wunused-matches]
    Defined but not used: ‘sp’
    |
499 |     tag (Backspace x sp _)      = x
    |                      ^^

src/Language/Fortran.hs:500:17: warning: [-Wunused-matches]
    Defined but not used: ‘sp’
    |
500 |     tag (Call x sp e as)        = x
    |                 ^^

src/Language/Fortran.hs:500:20: warning: [-Wunused-matches]
    Defined but not used: ‘e’
    |
500 |     tag (Call x sp e as)        = x
    |                    ^

src/Language/Fortran.hs:500:22: warning: [-Wunused-matches]
    Defined but not used: ‘as’
    |
500 |     tag (Call x sp e as)        = x
    |                      ^^

src/Language/Fortran.hs:501:17: warning: [-Wunused-matches]
    Defined but not used: ‘sp’
    |
501 |     tag (Open x sp s)           = x
    |                 ^^

src/Language/Fortran.hs:501:20: warning: [-Wunused-matches]
    Defined but not used: ‘s’
    |
501 |     tag (Open x sp s)           = x
    |                    ^

src/Language/Fortran.hs:502:18: warning: [-Wunused-matches]
    Defined but not used: ‘sp’
    |
502 |     tag (Close x sp s)          = x 
    |                  ^^

src/Language/Fortran.hs:502:21: warning: [-Wunused-matches]
    Defined but not used: ‘s’
    |
502 |     tag (Close x sp s)          = x 
    |                     ^

src/Language/Fortran.hs:503:21: warning: [-Wunused-matches]
    Defined but not used: ‘sp’
    |
503 |     tag (Continue x sp)         = x
    |                     ^^

src/Language/Fortran.hs:504:18: warning: [-Wunused-matches]
    Defined but not used: ‘sp’
    |
504 |     tag (Cycle x sp s)          = x
    |                  ^^

src/Language/Fortran.hs:504:21: warning: [-Wunused-matches]
    Defined but not used: ‘s’
    |
504 |     tag (Cycle x sp s)          = x
    |                     ^

src/Language/Fortran.hs:505:21: warning: [-Wunused-matches]
    Defined but not used: ‘sp’
    |
505 |     tag (DataStmt x sp _)       = x
    |                     ^^

src/Language/Fortran.hs:506:23: warning: [-Wunused-matches]
    Defined but not used: ‘sp’
    |
506 |     tag (Deallocate x sp es e)  = x
    |                       ^^

src/Language/Fortran.hs:506:26: warning: [-Wunused-matches]
    Defined but not used: ‘es’
    |
506 |     tag (Deallocate x sp es e)  = x
    |                          ^^

src/Language/Fortran.hs:506:29: warning: [-Wunused-matches]
    Defined but not used: ‘e’
    |
506 |     tag (Deallocate x sp es e)  = x
    |                             ^

src/Language/Fortran.hs:507:20: warning: [-Wunused-matches]
    Defined but not used: ‘sp’
    |
507 |     tag (Endfile x sp s)        = x
    |                    ^^

src/Language/Fortran.hs:507:23: warning: [-Wunused-matches]
    Defined but not used: ‘s’
    |
507 |     tag (Endfile x sp s)        = x
    |                       ^

src/Language/Fortran.hs:508:17: warning: [-Wunused-matches]
    Defined but not used: ‘sp’
    |
508 |     tag (Exit x sp s)           = x
    |                 ^^

src/Language/Fortran.hs:508:20: warning: [-Wunused-matches]
    Defined but not used: ‘s’
    |
508 |     tag (Exit x sp s)           = x
    |                    ^

src/Language/Fortran.hs:509:19: warning: [-Wunused-matches]
    Defined but not used: ‘sp’
    |
509 |     tag (Format x sp _)         = x
    |                   ^^

src/Language/Fortran.hs:510:19: warning: [-Wunused-matches]
    Defined but not used: ‘sp’
    |
510 |     tag (Forall x sp es f)      = x
    |                   ^^

src/Language/Fortran.hs:510:22: warning: [-Wunused-matches]
    Defined but not used: ‘es’
    |
510 |     tag (Forall x sp es f)      = x
    |                      ^^

src/Language/Fortran.hs:510:25: warning: [-Wunused-matches]
    Defined but not used: ‘f’
    |
510 |     tag (Forall x sp es f)      = x
    |                         ^

src/Language/Fortran.hs:511:17: warning: [-Wunused-matches]
    Defined but not used: ‘sp’
    |
511 |     tag (Goto x sp s)           = x
    |                 ^^

src/Language/Fortran.hs:511:20: warning: [-Wunused-matches]
    Defined but not used: ‘s’
    |
511 |     tag (Goto x sp s)           = x
    |                    ^

src/Language/Fortran.hs:512:20: warning: [-Wunused-matches]
    Defined but not used: ‘sp’
    |
512 |     tag (Nullify x sp e)        = x
    |                    ^^

src/Language/Fortran.hs:512:23: warning: [-Wunused-matches]
    Defined but not used: ‘e’
    |
512 |     tag (Nullify x sp e)        = x
    |                       ^

src/Language/Fortran.hs:513:20: warning: [-Wunused-matches]
    Defined but not used: ‘sp’
    |
513 |     tag (Inquire x sp s e)      = x
    |                    ^^

src/Language/Fortran.hs:513:23: warning: [-Wunused-matches]
    Defined but not used: ‘s’
    |
513 |     tag (Inquire x sp s e)      = x
    |                       ^

src/Language/Fortran.hs:513:25: warning: [-Wunused-matches]
    Defined but not used: ‘e’
    |
513 |     tag (Inquire x sp s e)      = x
    |                         ^

src/Language/Fortran.hs:514:18: warning: [-Wunused-matches]
    Defined but not used: ‘sp’
    |
514 |     tag (Pause x sp _)          = x
    |                  ^^

src/Language/Fortran.hs:515:19: warning: [-Wunused-matches]
    Defined but not used: ‘sp’
    |
515 |     tag (Rewind x sp s)         = x 
    |                   ^^

src/Language/Fortran.hs:515:22: warning: [-Wunused-matches]
    Defined but not used: ‘s’
    |
515 |     tag (Rewind x sp s)         = x 
    |                      ^

src/Language/Fortran.hs:516:17: warning: [-Wunused-matches]
    Defined but not used: ‘sp’
    |
516 |     tag (Stop x sp e)           = x
    |                 ^^

src/Language/Fortran.hs:516:20: warning: [-Wunused-matches]
    Defined but not used: ‘e’
    |
516 |     tag (Stop x sp e)           = x
    |                    ^

src/Language/Fortran.hs:517:18: warning: [-Wunused-matches]
    Defined but not used: ‘sp’
    |
517 |     tag (Where x sp e f _)      = x 
    |                  ^^

src/Language/Fortran.hs:517:21: warning: [-Wunused-matches]
    Defined but not used: ‘e’
    |
517 |     tag (Where x sp e f _)      = x 
    |                     ^

src/Language/Fortran.hs:517:23: warning: [-Wunused-matches]
    Defined but not used: ‘f’
    |
517 |     tag (Where x sp e f _)      = x 
    |                       ^

src/Language/Fortran.hs:518:18: warning: [-Wunused-matches]
    Defined but not used: ‘sp’
    |
518 |     tag (Write x sp s e)        = x
    |                  ^^

src/Language/Fortran.hs:518:21: warning: [-Wunused-matches]
    Defined but not used: ‘s’
    |
518 |     tag (Write x sp s e)        = x
    |                     ^

src/Language/Fortran.hs:518:23: warning: [-Wunused-matches]
    Defined but not used: ‘e’
    |
518 |     tag (Write x sp s e)        = x
    |                       ^

src/Language/Fortran.hs:519:24: warning: [-Wunused-matches]
    Defined but not used: ‘sp’
    |
519 |     tag (PointerAssg x sp e1 e2) = x
    |                        ^^

src/Language/Fortran.hs:519:27: warning: [-Wunused-matches]
    Defined but not used: ‘e1’
    |
519 |     tag (PointerAssg x sp e1 e2) = x
    |                           ^^

src/Language/Fortran.hs:519:30: warning: [-Wunused-matches]
    Defined but not used: ‘e2’
    |
519 |     tag (PointerAssg x sp e1 e2) = x
    |                              ^^

src/Language/Fortran.hs:520:19: warning: [-Wunused-matches]
    Defined but not used: ‘sp’
    |
520 |     tag (Return x sp e)         = x
    |                   ^^

src/Language/Fortran.hs:520:22: warning: [-Wunused-matches]
    Defined but not used: ‘e’
    |
520 |     tag (Return x sp e)         = x
    |                      ^

src/Language/Fortran.hs:521:18: warning: [-Wunused-matches]
    Defined but not used: ‘sp’
    |
521 |     tag (Label x sp s f)        = x
    |                  ^^

src/Language/Fortran.hs:521:21: warning: [-Wunused-matches]
    Defined but not used: ‘s’
    |
521 |     tag (Label x sp s f)        = x
    |                     ^

src/Language/Fortran.hs:521:23: warning: [-Wunused-matches]
    Defined but not used: ‘f’
    |
521 |     tag (Label x sp s f)        = x
    |                       ^

src/Language/Fortran.hs:522:18: warning: [-Wunused-matches]
    Defined but not used: ‘sp’
    |
522 |     tag (Print x sp e es)       = x
    |                  ^^

src/Language/Fortran.hs:522:21: warning: [-Wunused-matches]
    Defined but not used: ‘e’
    |
522 |     tag (Print x sp e es)       = x
    |                     ^

src/Language/Fortran.hs:522:23: warning: [-Wunused-matches]
    Defined but not used: ‘es’
    |
522 |     tag (Print x sp e es)       = x
    |                       ^^

src/Language/Fortran.hs:523:18: warning: [-Wunused-matches]
    Defined but not used: ‘sp’
    |
523 |     tag (ReadS x sp s e)        = x
    |                  ^^

src/Language/Fortran.hs:523:21: warning: [-Wunused-matches]
    Defined but not used: ‘s’
    |
523 |     tag (ReadS x sp s e)        = x
    |                     ^

src/Language/Fortran.hs:523:23: warning: [-Wunused-matches]
    Defined but not used: ‘e’
    |
523 |     tag (ReadS x sp s e)        = x
    |                       ^

src/Language/Fortran.hs:524:21: warning: [-Wunused-matches]
    Defined but not used: ‘sp’
    |
524 |     tag (TextStmt x sp s)       = x
    |                     ^^

src/Language/Fortran.hs:524:24: warning: [-Wunused-matches]
    Defined but not used: ‘s’
    |
524 |     tag (TextStmt x sp s)       = x
    |                        ^

src/Language/Fortran.hs:525:21: warning: [-Wunused-matches]
    Defined but not used: ‘sp’
    |
525 |     tag (NullStmt x sp)         = x
    |                     ^^

src/Language/Fortran.hs:526:23: warning: [-Wunused-matches]
    Defined but not used: ‘sp’
    |
526 |     tag (SelectStmt x sp e fes _)         = x   -- GAV ADDED
    |                       ^^

src/Language/Fortran.hs:526:26: warning: [-Wunused-matches]
    Defined but not used: ‘e’
    |
526 |     tag (SelectStmt x sp e fes _)         = x   -- GAV ADDED
    |                          ^

src/Language/Fortran.hs:526:28: warning: [-Wunused-matches]
    Defined but not used: ‘fes’
    |
526 |     tag (SelectStmt x sp e fes _)         = x   -- GAV ADDED
    |                            ^^^

src/Language/Fortran.hs:527:22: warning: [-Wunused-matches]
    Defined but not used: ‘sp’
    |
527 |     tag (OpenCLMap x sp e1 e2 _ _ f2)       = x   -- GAV ADDED -- WV20170426 extra arg
    |                      ^^

src/Language/Fortran.hs:527:25: warning: [-Wunused-matches]
    Defined but not used: ‘e1’
    |
527 |     tag (OpenCLMap x sp e1 e2 _ _ f2)       = x   -- GAV ADDED -- WV20170426 extra arg
    |                         ^^

src/Language/Fortran.hs:527:28: warning: [-Wunused-matches]
    Defined but not used: ‘e2’
    |
527 |     tag (OpenCLMap x sp e1 e2 _ _ f2)       = x   -- GAV ADDED -- WV20170426 extra arg
    |                            ^^

src/Language/Fortran.hs:527:35: warning: [-Wunused-matches]
    Defined but not used: ‘f2’
    |
527 |     tag (OpenCLMap x sp e1 e2 _ _ f2)       = x   -- GAV ADDED -- WV20170426 extra arg
    |                                   ^^

src/Language/Fortran.hs:528:25: warning: [-Wunused-matches]
    Defined but not used: ‘sp’
    |
528 |     tag (OpenCLReduce x sp e1 e2 _ _ e3 f2) = x   -- GAV ADDED -- WV20170426 extra arg
    |                         ^^

src/Language/Fortran.hs:528:28: warning: [-Wunused-matches]
    Defined but not used: ‘e1’
    |
528 |     tag (OpenCLReduce x sp e1 e2 _ _ e3 f2) = x   -- GAV ADDED -- WV20170426 extra arg
    |                            ^^

src/Language/Fortran.hs:528:31: warning: [-Wunused-matches]
    Defined but not used: ‘e2’
    |
528 |     tag (OpenCLReduce x sp e1 e2 _ _ e3 f2) = x   -- GAV ADDED -- WV20170426 extra arg
    |                               ^^

src/Language/Fortran.hs:528:38: warning: [-Wunused-matches]
    Defined but not used: ‘e3’
    |
528 |     tag (OpenCLReduce x sp e1 e2 _ _ e3 f2) = x   -- GAV ADDED -- WV20170426 extra arg
    |                                      ^^

src/Language/Fortran.hs:528:41: warning: [-Wunused-matches]
    Defined but not used: ‘f2’
    |
528 |     tag (OpenCLReduce x sp e1 e2 _ _ e3 f2) = x   -- GAV ADDED -- WV20170426 extra arg
    |                                         ^^

src/Language/Fortran.hs:533:15: warning: [-Wunused-matches]
    Defined but not used: ‘sp’
    |
533 |    tag (Con x sp _)        = x
    |               ^^

src/Language/Fortran.hs:534:16: warning: [-Wunused-matches]
    Defined but not used: ‘sp’
    |
534 |    tag (ConL x sp _ _)     = x
    |                ^^

src/Language/Fortran.hs:535:16: warning: [-Wunused-matches]
    Defined but not used: ‘sp’
    |
535 |    tag (ConS x sp _)       = x
    |                ^^

src/Language/Fortran.hs:536:15: warning: [-Wunused-matches]
    Defined but not used: ‘sp’
    |
536 |    tag (Var x sp _ )       = x
    |               ^^

src/Language/Fortran.hs:537:15: warning: [-Wunused-matches]
    Defined but not used: ‘sp’
    |
537 |    tag (Bin x sp _ _ _)    = x
    |               ^^

src/Language/Fortran.hs:538:17: warning: [-Wunused-matches]
    Defined but not used: ‘sp’
    |
538 |    tag (Unary x sp _ _)    = x
    |                 ^^

src/Language/Fortran.hs:539:20: warning: [-Wunused-matches]
    Defined but not used: ‘sp’
    |
539 |    tag (CallExpr x sp _ _) = x
    |                    ^^

src/Language/Fortran.hs:542:16: warning: [-Wunused-matches]
    Defined but not used: ‘sp’
    |
542 |    tag (ESeq x sp _ _)     = x
    |                ^^

src/Language/Fortran.hs:543:17: warning: [-Wunused-matches]
    Defined but not used: ‘sp’
    |
543 |    tag (Bound x sp _ _)    = x
    |                 ^^

src/Language/Fortran.hs:544:16: warning: [-Wunused-matches]
    Defined but not used: ‘sp’
    |
544 |    tag (Sqrt x sp _)       = x
    |                ^^

src/Language/Fortran.hs:545:20: warning: [-Wunused-matches]
    Defined but not used: ‘sp’
    |
545 |    tag (ArrayCon x sp _)   = x
    |                    ^^

src/Language/Fortran.hs:546:20: warning: [-Wunused-matches]
    Defined but not used: ‘sp’
    |
546 |    tag (AssgExpr x sp _ _) = x
    |                    ^^
[2 of 5] Compiling Language.Fortran.Lexer ( .stack-work/dist/x86_64-linux/Cabal-2.2.0.1/build/Language/Fortran/Lexer.hs, .stack-work/dist/x86_64-linux/Cabal-2.2.0.1/build/Language/Fortran/Lexer.o )

src/Language/Fortran/Lexer.x:12:1: warning: [-Wunused-imports]
    The import of ‘Language.Fortran’ is redundant
      except perhaps to import instances from ‘Language.Fortran’
    To import instances alone, use: import Language.Fortran()
   |
12 | import Language.Fortran
   | ^^^^^^^^^^^^^^^^^^^^^^^

src/Language/Fortran/Lexer.x:14:1: warning: [-Wunused-imports]
    The import of ‘Debug.Trace’ is redundant
      except perhaps to import instances from ‘Debug.Trace’
    To import instances alone, use: import Debug.Trace()
   |
14 | import Debug.Trace
   | ^^^^^^^^^^^^^^^^^^

src/Language/Fortran/Lexer.x:140:1: warning: [-Wtabs]
    Tab character found here, and in 70 further locations.
    Please use spaces instead.
    |
140 |                 
    | ^^^^^^^^

src/Language/Fortran/Lexer.x:145:1: warning: [-Wincomplete-patterns]
    Pattern match(es) are non-exhaustive
    In an equation for ‘cutOut’:
        Patterns not matched:
            (p:_) Nothing
                where p is not one of {'\n', '\r', '\t', ' ', '+', '$', '&'}
            ('\n':_) Nothing
            ['\r'] Nothing
            ('\r':p:_) Nothing where p is not one of {'\n'}
            ...
    |
145 | cutOut [] Nothing = []
    | ^^^^^^^^^^^^^^^^^^^^^^^...

src/Language/Fortran/Lexer.x:217:28: warning: [-Wunused-matches]
    Defined but not used: ‘b’
    |
217 |               AlexError (c,b,s')  -> getInput >>= (\i -> fail ("unrecognizable token: " ++ show c ++ "(" ++ (show $ ord c) ++ "). "))
    |                            ^

src/Language/Fortran/Lexer.x:217:30: warning: [-Wunused-matches]
    Defined but not used: ‘s'’
    |
217 |               AlexError (c,b,s')  -> getInput >>= (\i -> fail ("unrecognizable token: " ++ show c ++ "(" ++ (show $ ord c) ++ "). "))
    |                              ^^

src/Language/Fortran/Lexer.x:217:53: warning: [-Wunused-matches]
    Defined but not used: ‘i’
    |
217 |               AlexError (c,b,s')  -> getInput >>= (\i -> fail ("unrecognizable token: " ++ show c ++ "(" ++ (show $ ord c) ++ "). "))
    |                                                     ^

src/Language/Fortran/Lexer.x:218:28: warning: [-Wunused-matches]
    Defined but not used: ‘b’
    |
218 |               AlexSkip  (_,b,s') len -> discard len >> lexer'
    |                            ^

src/Language/Fortran/Lexer.x:218:30: warning: [-Wunused-matches]
    Defined but not used: ‘s'’
    |
218 |               AlexSkip  (_,b,s') len -> discard len >> lexer'
    |                              ^^

src/Language/Fortran/Lexer.x:219:28: warning: [-Wunused-matches]
    Defined but not used: ‘b’
    |
219 |               AlexToken (_,b,s') len act -> do let tok = act (take len s)
    |                            ^

src/Language/Fortran/Lexer.x:219:30: warning: [-Wunused-matches]
    Defined but not used: ‘s'’
    |
219 |               AlexToken (_,b,s') len act -> do let tok = act (take len s)
    |                              ^^

src/Language/Fortran/Lexer.x:231:19: warning: [-Wunused-matches]
    Defined but not used: ‘s’

src/Language/Fortran/Lexer.x:232:19: warning: [-Wunused-matches]
    Defined but not used: ‘s’

src/Language/Fortran/Lexer.x:233:19: warning: [-Wunused-matches]
    Defined but not used: ‘s’

src/Language/Fortran/Lexer.x:234:19: warning: [-Wunused-matches]
    Defined but not used: ‘s’

src/Language/Fortran/Lexer.x:235:19: warning: [-Wunused-matches]
    Defined but not used: ‘s’

src/Language/Fortran/Lexer.x:236:19: warning: [-Wunused-matches]
    Defined but not used: ‘s’

src/Language/Fortran/Lexer.x:237:19: warning: [-Wunused-matches]
    Defined but not used: ‘s’

src/Language/Fortran/Lexer.x:238:19: warning: [-Wunused-matches]
    Defined but not used: ‘s’

src/Language/Fortran/Lexer.x:239:20: warning: [-Wunused-matches]
    Defined but not used: ‘s’

src/Language/Fortran/Lexer.x:240:20: warning: [-Wunused-matches]
    Defined but not used: ‘s’

src/Language/Fortran/Lexer.x:241:20: warning: [-Wunused-matches]
    Defined but not used: ‘s’

src/Language/Fortran/Lexer.x:242:20: warning: [-Wunused-matches]
    Defined but not used: ‘s’

src/Language/Fortran/Lexer.x:243:20: warning: [-Wunused-matches]
    Defined but not used: ‘s’

src/Language/Fortran/Lexer.x:244:20: warning: [-Wunused-matches]
    Defined but not used: ‘s’

src/Language/Fortran/Lexer.x:245:20: warning: [-Wunused-matches]
    Defined but not used: ‘s’

src/Language/Fortran/Lexer.x:246:20: warning: [-Wunused-matches]
    Defined but not used: ‘s’

src/Language/Fortran/Lexer.x:247:20: warning: [-Wunused-matches]
    Defined but not used: ‘s’

src/Language/Fortran/Lexer.x:248:20: warning: [-Wunused-matches]
    Defined but not used: ‘s’

src/Language/Fortran/Lexer.x:249:20: warning: [-Wunused-matches]
    Defined but not used: ‘s’

src/Language/Fortran/Lexer.x:250:20: warning: [-Wunused-matches]
    Defined but not used: ‘s’

src/Language/Fortran/Lexer.x:251:20: warning: [-Wunused-matches]
    Defined but not used: ‘s’

src/Language/Fortran/Lexer.x:252:20: warning: [-Wunused-matches]
    Defined but not used: ‘s’

src/Language/Fortran/Lexer.x:253:20: warning: [-Wunused-matches]
    Defined but not used: ‘s’

src/Language/Fortran/Lexer.x:254:20: warning: [-Wunused-matches]
    Defined but not used: ‘s’

src/Language/Fortran/Lexer.x:255:20: warning: [-Wunused-matches]
    Defined but not used: ‘s’

src/Language/Fortran/Lexer.x:256:20: warning: [-Wunused-matches]
    Defined but not used: ‘s’

src/Language/Fortran/Lexer.x:257:20: warning: [-Wunused-matches]
    Defined but not used: ‘s’

src/Language/Fortran/Lexer.x:258:20: warning: [-Wunused-matches]
    Defined but not used: ‘s’

src/Language/Fortran/Lexer.x:259:20: warning: [-Wunused-matches]
    Defined but not used: ‘s’

src/Language/Fortran/Lexer.x:260:20: warning: [-Wunused-matches]
    Defined but not used: ‘s’

src/Language/Fortran/Lexer.x:266:20: warning: [-Wunused-matches]
    Defined but not used: ‘s’

src/Language/Fortran/Lexer.x:267:20: warning: [-Wunused-matches]
    Defined but not used: ‘s’

src/Language/Fortran/Lexer.x:268:20: warning: [-Wunused-matches]
    Defined but not used: ‘s’

src/Language/Fortran/Lexer.x:269:20: warning: [-Wunused-matches]
    Defined but not used: ‘s’

src/Language/Fortran/Lexer.x:270:20: warning: [-Wunused-matches]
    Defined but not used: ‘s’

src/Language/Fortran/Lexer.x:271:20: warning: [-Wunused-matches]
    Defined but not used: ‘s’

src/Language/Fortran/Lexer.x:272:20: warning: [-Wunused-matches]
    Defined but not used: ‘s’

src/Language/Fortran/Lexer.x:273:20: warning: [-Wunused-matches]
    Defined but not used: ‘s’

src/Language/Fortran/Lexer.x:274:20: warning: [-Wunused-matches]
    Defined but not used: ‘s’

src/Language/Fortran/Lexer.x:275:20: warning: [-Wunused-matches]
    Defined but not used: ‘s’

src/Language/Fortran/Lexer.x:276:20: warning: [-Wunused-matches]
    Defined but not used: ‘s’

src/Language/Fortran/Lexer.x:277:20: warning: [-Wunused-matches]
    Defined but not used: ‘s’

src/Language/Fortran/Lexer.x:278:20: warning: [-Wunused-matches]
    Defined but not used: ‘s’

src/Language/Fortran/Lexer.x:279:20: warning: [-Wunused-matches]
    Defined but not used: ‘s’

src/Language/Fortran/Lexer.x:280:20: warning: [-Wunused-matches]
    Defined but not used: ‘s’

src/Language/Fortran/Lexer.x:293:20: warning: [-Wunused-matches]
    Defined but not used: ‘s’

src/Language/Fortran/Lexer.x:294:20: warning: [-Wunused-matches]
    Defined but not used: ‘s’
[3 of 5] Compiling Language.Fortran.PreProcess ( src/Language/Fortran/PreProcess.hs, .stack-work/dist/x86_64-linux/Cabal-2.2.0.1/build/Language/Fortran/PreProcess.o )

src/Language/Fortran/PreProcess.hs:40:1: warning: [-Wmissing-signatures]
    Top-level binding with no type signature:
      num :: Text.Parsec.Prim.ParsecT
               [Char] u Data.Functor.Identity.Identity [Char]
   |
40 | num = many1 digit
   | ^^^

src/Language/Fortran/PreProcess.hs:41:1: warning: [-Wmissing-signatures]
    Top-level binding with no type signature:
      small :: Text.Parsec.Prim.ParsecT
                 [Char] u Data.Functor.Identity.Identity Char
   |
41 | small = lower <|> char '_'
   | ^^^^^

src/Language/Fortran/PreProcess.hs:42:1: warning: [-Wmissing-signatures]
    Top-level binding with no type signature:
      idchar :: Text.Parsec.Prim.ParsecT
                  [Char] u Data.Functor.Identity.Identity Char
   |
42 | idchar = small <|> upper <|> digit 
   | ^^^^^^

src/Language/Fortran/PreProcess.hs:43:1: warning: [-Wmissing-signatures]
    Top-level binding with no type signature:
      ident :: Text.Parsec.Prim.ParsecT
                 [Char] u Data.Functor.Identity.Identity [Char]
   |
43 | ident  =  do{ c <- small <|> upper ; cs <- many idchar; return (c:cs) }
   | ^^^^^

src/Language/Fortran/PreProcess.hs:44:1: warning: [-Wmissing-signatures]
    Top-level binding with no type signature:
      spaces :: Text.Parsec.Prim.ParsecT
                  [Char] u Data.Functor.Identity.Identity [Char]
   |
44 | spaces = many space
   | ^^^^^^

src/Language/Fortran/PreProcess.hs:46:1: warning: [-Wmissing-signatures]
    Top-level binding with no type signature:
      manyTillEnd :: Text.Parsec.Prim.ParsecT
                       [tok] u Data.Functor.Identity.Identity a
                     -> GenParser tok u [a]
                     -> Text.Parsec.Prim.ParsecT
                          [tok] u Data.Functor.Identity.Identity [a]
   |
46 | manyTillEnd p end =
   | ^^^^^^^^^^^

src/Language/Fortran/PreProcess.hs:49:1: warning: [-Wmissing-signatures]
    Top-level binding with no type signature:
      pre_parser :: Num a =>
                    [Maybe [Char]]
                    -> Text.Parsec.Prim.ParsecT
                         [Char] a Data.Functor.Identity.Identity [Char]
   |
49 | pre_parser labels = manyTillEnd anyChar 
   | ^^^^^^^^^^

src/Language/Fortran/PreProcess.hs:49:12: warning: [-Wname-shadowing]
    This binding for ‘labels’ shadows the existing binding
      imported from ‘Text.ParserCombinators.Parsec’ at src/Language/Fortran/PreProcess.hs:36:1-52
      (and originally defined in ‘Text.Parsec.Prim’)
   |
49 | pre_parser labels = manyTillEnd anyChar 
   |            ^^^^^^

src/Language/Fortran/PreProcess.hs:53:1: warning: [-Wmissing-signatures]
    Top-level binding with no type signature:
      end_or_start_do :: Num a =>
                         [Maybe [Char]] -> GenParser Char a [Char]
   |
53 | end_or_start_do labels = (try $ doBlock labels) <|> (end_do labels)
   | ^^^^^^^^^^^^^^^

src/Language/Fortran/PreProcess.hs:53:17: warning: [-Wname-shadowing]
    This binding for ‘labels’ shadows the existing binding
      imported from ‘Text.ParserCombinators.Parsec’ at src/Language/Fortran/PreProcess.hs:36:1-52
      (and originally defined in ‘Text.Parsec.Prim’)
   |
53 | end_or_start_do labels = (try $ doBlock labels) <|> (end_do labels)
   |                 ^^^^^^

src/Language/Fortran/PreProcess.hs:55:1: warning: [-Wmissing-signatures]
    Top-level binding with no type signature:
      doBlock :: Num a =>
                 [Maybe [Char]]
                 -> Text.Parsec.Prim.ParsecT
                      [Char] a Data.Functor.Identity.Identity [Char]
   |
55 | doBlock labels = 
   | ^^^^^^^

src/Language/Fortran/PreProcess.hs:55:9: warning: [-Wname-shadowing]
    This binding for ‘labels’ shadows the existing binding
      imported from ‘Text.ParserCombinators.Parsec’ at src/Language/Fortran/PreProcess.hs:36:1-52
      (and originally defined in ‘Text.Parsec.Prim’)
   |
55 | doBlock labels = 
   |         ^^^^^^

src/Language/Fortran/PreProcess.hs:59:14: warning: [-Wname-shadowing]
    This binding for ‘label’ shadows the existing binding
      imported from ‘Text.ParserCombinators.Parsec’ at src/Language/Fortran/PreProcess.hs:36:1-52
      (and originally defined in ‘Text.Parsec.Prim’)
   |
59 |              label <- (try numberedBlock) <|> (do { loop <- loop_control; return (Nothing, loop) })
   |              ^^^^^

src/Language/Fortran/PreProcess.hs:64:1: warning: [-Wmissing-signatures]
    Top-level binding with no type signature:
      end_do :: Num a =>
                [Maybe [Char]]
                -> Text.Parsec.Prim.ParsecT
                     [Char] a Data.Functor.Identity.Identity [Char]
   |
64 | end_do labels = do label' <- optionMaybe (do {space; n <- num; space; return n})
   | ^^^^^^

src/Language/Fortran/PreProcess.hs:64:8: warning: [-Wname-shadowing]
    This binding for ‘labels’ shadows the existing binding
      imported from ‘Text.ParserCombinators.Parsec’ at src/Language/Fortran/PreProcess.hs:36:1-52
      (and originally defined in ‘Text.Parsec.Prim’)
   |
64 | end_do labels = do label' <- optionMaybe (do {space; n <- num; space; return n})
   |        ^^^^^^

src/Language/Fortran/PreProcess.hs:64:47: warning: [-Wunused-do-bind]
    A do-notation statement discarded a result of type ‘Char’
    Suppress this warning by saying ‘_ <- space’
   |
64 | end_do labels = do label' <- optionMaybe (do {space; n <- num; space; return n})
   |                                               ^^^^^

src/Language/Fortran/PreProcess.hs:64:64: warning: [-Wunused-do-bind]
    A do-notation statement discarded a result of type ‘Char’
    Suppress this warning by saying ‘_ <- space’
   |
64 | end_do labels = do label' <- optionMaybe (do {space; n <- num; space; return n})
   |                                                                ^^^^^

src/Language/Fortran/PreProcess.hs:66:20: warning: [-Wunused-do-bind]
    A do-notation statement discarded a result of type ‘[Char]’
    Suppress this warning by saying
      ‘_ <- lookAhead (end_do_marker <|> continue)’
   |
66 |                    lookAhead (end_do_marker <|> continue)
   |                    ^^^^^^^^^^^^^^^^^^^^^^^^^^^^^^^^^^^^^^

src/Language/Fortran/PreProcess.hs:71:30: warning: [-Wunused-matches]
    Defined but not used: ‘n’
   |
71 |                       ((Just n):_, Nothing) -> do { ender <- end_do_marker; return $ sp ++ ender }
   |                              ^

src/Language/Fortran/PreProcess.hs:85:20: warning: [-Wunused-matches]
    Defined but not used: ‘level’
   |
85 |                    level <- getState
   |                    ^^^^^

src/Language/Fortran/PreProcess.hs:90:1: warning: [-Wmissing-signatures]
    Top-level binding with no type signature:
      continue_non_replace :: Text.Parsec.Prim.ParsecT
                                [Char] u Data.Functor.Identity.Identity String
   |
90 | continue_non_replace = string "continue" <|> string "CONTINUE"
   | ^^^^^^^^^^^^^^^^^^^^

src/Language/Fortran/PreProcess.hs:92:1: warning: [-Wmissing-signatures]
    Top-level binding with no type signature:
      continue :: Text.Parsec.Prim.ParsecT
                    [Char] u Data.Functor.Identity.Identity [Char]
   |
92 | continue = do string "continue" <|> string "CONTINUE"
   | ^^^^^^^^

src/Language/Fortran/PreProcess.hs:92:15: warning: [-Wunused-do-bind]
    A do-notation statement discarded a result of type ‘String’
    Suppress this warning by saying
      ‘_ <- string "continue" <|> string "CONTINUE"’
   |
92 | continue = do string "continue" <|> string "CONTINUE"
   |               ^^^^^^^^^^^^^^^^^^^^^^^^^^^^^^^^^^^^^^^

src/Language/Fortran/PreProcess.hs:95:1: warning: [-Wmissing-signatures]
    Top-level binding with no type signature:
      end_do_marker :: Text.Parsec.Prim.ParsecT
                         [Char] u Data.Functor.Identity.Identity [Char]
   |
95 | end_do_marker = do endStr <- string "end" <|> string "END"
   | ^^^^^^^^^^^^^

src/Language/Fortran/PreProcess.hs:100:1: warning: [-Wmissing-signatures]
    Top-level binding with no type signature:
      numberedBlock :: Text.Parsec.Prim.ParsecT
                         [Char] u Data.Functor.Identity.Identity (Maybe [Char], [Char])
    |
100 | numberedBlock = do label <- num
    | ^^^^^^^^^^^^^

src/Language/Fortran/PreProcess.hs:100:20: warning: [-Wname-shadowing]
    This binding for ‘label’ shadows the existing binding
      imported from ‘Text.ParserCombinators.Parsec’ at src/Language/Fortran/PreProcess.hs:36:1-52
      (and originally defined in ‘Text.Parsec.Prim’)
    |
100 | numberedBlock = do label <- num
    |                    ^^^^^

src/Language/Fortran/PreProcess.hs:101:20: warning: [-Wunused-do-bind]
    A do-notation statement discarded a result of type ‘Char’
    Suppress this warning by saying ‘_ <- space’
    |
101 |                    space 
    |                    ^^^^^

src/Language/Fortran/PreProcess.hs:108:1: warning: [-Wmissing-signatures]
    Top-level binding with no type signature:
      newline' :: Text.Parsec.Prim.ParsecT
                    [Char] u Data.Functor.Identity.Identity [Char]
    |
108 | newline' = 
    | ^^^^^^^^

src/Language/Fortran/PreProcess.hs:115:1: warning: [-Wmissing-signatures]
    Top-level binding with no type signature:
      loop_control :: Text.Parsec.Prim.ParsecT
                        [Char] u Data.Functor.Identity.Identity [Char]
    |
115 | loop_control = do var   <- ident
    | ^^^^^^^^^^^^

src/Language/Fortran/PreProcess.hs:117:19: warning: [-Wunused-do-bind]
    A do-notation statement discarded a result of type ‘Char’
    Suppress this warning by saying ‘_ <- char '='’
    |
117 |                   char '='
    |                   ^^^^^^^^

src/Language/Fortran/PreProcess.hs:119:19: warning: [-Wname-shadowing]
    This binding for ‘lower’ shadows the existing binding
      imported from ‘Text.ParserCombinators.Parsec’ at src/Language/Fortran/PreProcess.hs:36:1-52
      (and originally defined in ‘Text.Parsec.Char’)
    |
119 |                   lower <- num <|> ident
    |                   ^^^^^

src/Language/Fortran/PreProcess.hs:121:19: warning: [-Wunused-do-bind]
    A do-notation statement discarded a result of type ‘Char’
    Suppress this warning by saying ‘_ <- char ','’
    |
121 |                   char ','
    |                   ^^^^^^^^

src/Language/Fortran/PreProcess.hs:123:19: warning: [-Wname-shadowing]
    This binding for ‘upper’ shadows the existing binding
      imported from ‘Text.ParserCombinators.Parsec’ at src/Language/Fortran/PreProcess.hs:36:1-52
      (and originally defined in ‘Text.Parsec.Char’)
    |
123 |                   upper <- num <|> ident
    |                   ^^^^^

src/Language/Fortran/PreProcess.hs:142:1: warning: [-Wunused-top-binds]
    Defined but not used: ‘go’
    |
142 | go filename = do args <- getArgs
    | ^^

src/Language/Fortran/PreProcess.hs:142:1: warning: [-Wmissing-signatures]
    Top-level binding with no type signature:
      go :: FilePath -> IO String
    |
142 | go filename = do args <- getArgs
    | ^^

src/Language/Fortran/PreProcess.hs:142:18: warning: [-Wunused-matches]
    Defined but not used: ‘args’
    |
142 | go filename = do args <- getArgs
    |                  ^^^^
[4 of 5] Compiling Language.Fortran.Parser ( .stack-work/dist/x86_64-linux/Cabal-2.2.0.1/build/Language/Fortran/Parser.hs, .stack-work/dist/x86_64-linux/Cabal-2.2.0.1/build/Language/Fortran/Parser.o )
[5 of 5] Compiling Language.Fortran.Pretty ( src/Language/Fortran/Pretty.hs, .stack-work/dist/x86_64-linux/Cabal-2.2.0.1/build/Language/Fortran/Pretty.o )

src/Language/Fortran.hs:88:27: error:
    Duplicate instance declarations:
      instance Show p => Show (ProgUnit p)
        -- Defined at src/Language/Fortran.hs:88:27
      instance [overlap ok] OutputF (ProgUnit p) Alt1 =>
                            Show (ProgUnit p)
        -- Defined at src/Language/Fortran/Pretty.hs:35:10
   |
88 |                 deriving (Show, Functor, Typeable, Data, Eq)
   |                           ^^^^
