
================================================================================
F4: Finite-element Fortran for FPGAs
This compiler allows Fortran finite element codes to be compiled
for execution on FPGA devices via OpenCL
================================================================================

The following command line values were parsed:

Files with subroutines to be parallelised:
	adam
	bondv1
	feedbf
	les
	press
	velfg
	velnw
File containing main subroutine: 
	main.f95
Source directory:
	./src
Fixed form: False
Loop fusion bound: Nothing
CPP Defines: WV_OPENCL, WV_NEW, WV_NEW_VELFG, NO_GLOBAL_SOR, INLINE_BOUND_CALCS, WV_TEST, TWINNED_BUFFER, NO_IO, IFBF=1, IADAM=0, 
CPP Excludes:

F4-exe: ./src/main.f95: openFile: does not exist (No such file or directory)
